{"contracts/SimpleVoting.sol":{"l":{"18":5,"19":5,"23":13,"24":13,"25":13,"32":11,"33":11,"34":11,"38":13,"40":13,"42":13,"44":13,"45":13,"49":1,"53":1,"58":4,"60":2,"65":2,"66":1,"68":0,"70":1,"75":2,"79":1,"88":1,"89":1,"90":1,"92":1,"96":6,"103":2,"104":2,"106":2,"107":2,"109":2,"110":2,"111":2,"112":2,"114":2,"116":2,"117":2},"path":"/Users/cagataybuluc/Desktop/solidity/simple-voting/contracts/SimpleVoting.sol","s":{"1":5,"2":13,"3":13,"4":11,"5":13,"6":13,"7":13,"8":1,"9":1,"10":4,"11":2,"12":2,"13":1,"14":1,"15":0,"16":1,"17":2,"18":1,"19":1,"20":1,"21":1,"22":2,"23":2,"24":2,"25":2},"b":{"1":[5,0],"2":[13,0],"3":[13,0],"4":[11,0],"5":[13,0],"6":[13,0],"7":[9,4],"8":[2,2],"9":[2,0],"10":[1,1],"11":[0,1],"12":[1,0],"13":[1,0],"14":[6,0],"15":[2,0],"16":[2,0],"17":[2,0]},"f":{"1":5,"2":13,"3":11,"4":13,"5":1,"6":1,"7":4,"8":2,"9":2,"10":1,"11":1,"12":6,"13":2},"fnMap":{"1":{"name":"onlyAfterVoting","line":17,"loc":{"start":{"line":17,"column":4},"end":{"line":20,"column":4}}},"2":{"name":"onlyVotingPeriod","line":22,"loc":{"start":{"line":22,"column":4},"end":{"line":26,"column":4}}},"3":{"name":"constructor","line":31,"loc":{"start":{"line":28,"column":4},"end":{"line":35,"column":4}}},"4":{"name":"vote","line":37,"loc":{"start":{"line":37,"column":4},"end":{"line":46,"column":4}}},"5":{"name":"getVoteCount","line":48,"loc":{"start":{"line":48,"column":4},"end":{"line":50,"column":4}}},"6":{"name":"checkHasVoted","line":52,"loc":{"start":{"line":52,"column":4},"end":{"line":54,"column":4}}},"7":{"name":"getMyVote","line":56,"loc":{"start":{"line":56,"column":4},"end":{"line":62,"column":4}}},"8":{"name":"getWinner","line":64,"loc":{"start":{"line":64,"column":4},"end":{"line":72,"column":4}}},"9":{"name":"getYesCount","line":74,"loc":{"start":{"line":74,"column":4},"end":{"line":76,"column":4}}},"10":{"name":"getNoCount","line":78,"loc":{"start":{"line":78,"column":4},"end":{"line":80,"column":4}}},"11":{"name":"getParticipationRate","line":85,"loc":{"start":{"line":82,"column":4},"end":{"line":93,"column":4}}},"12":{"name":"endVoteManually","line":95,"loc":{"start":{"line":95,"column":4},"end":{"line":97,"column":4}}},"13":{"name":"resetVote","line":102,"loc":{"start":{"line":99,"column":4},"end":{"line":118,"column":4}}}},"statementMap":{"1":{"start":{"line":18,"column":8},"end":{"line":18,"column":64}},"2":{"start":{"line":23,"column":8},"end":{"line":23,"column":67}},"3":{"start":{"line":24,"column":8},"end":{"line":24,"column":58}},"4":{"start":{"line":32,"column":8},"end":{"line":32,"column":67}},"5":{"start":{"line":38,"column":8},"end":{"line":38,"column":55}},"6":{"start":{"line":40,"column":8},"end":{"line":40,"column":38}},"7":{"start":{"line":42,"column":8},"end":{"line":42,"column":1201}},"8":{"start":{"line":49,"column":8},"end":{"line":49,"column":33}},"9":{"start":{"line":53,"column":8},"end":{"line":53,"column":30}},"10":{"start":{"line":58,"column":8},"end":{"line":58,"column":63}},"11":{"start":{"line":60,"column":8},"end":{"line":60,"column":35}},"12":{"start":{"line":65,"column":8},"end":{"line":65,"column":1933}},"13":{"start":{"line":66,"column":12},"end":{"line":66,"column":40}},"14":{"start":{"line":67,"column":15},"end":{"line":67,"column":2016}},"15":{"start":{"line":68,"column":12},"end":{"line":68,"column":39}},"16":{"start":{"line":70,"column":12},"end":{"line":70,"column":37}},"17":{"start":{"line":75,"column":8},"end":{"line":75,"column":23}},"18":{"start":{"line":79,"column":8},"end":{"line":79,"column":22}},"19":{"start":{"line":88,"column":8},"end":{"line":88,"column":47}},"20":{"start":{"line":92,"column":8},"end":{"line":92,"column":65}},"21":{"start":{"line":92,"column":39},"end":{"line":92,"column":65}},"22":{"start":{"line":103,"column":8},"end":{"line":103,"column":67}},"23":{"start":{"line":104,"column":8},"end":{"line":104,"column":41}},"24":{"start":{"line":109,"column":8},"end":{"line":109,"column":3101}},"25":{"start":{"line":110,"column":12},"end":{"line":110,"column":45}}},"branchMap":{"1":{"line":18,"type":"if","locations":[{"start":{"line":18,"column":8},"end":{"line":18,"column":8}},{"start":{"line":18,"column":8},"end":{"line":18,"column":8}}]},"2":{"line":23,"type":"if","locations":[{"start":{"line":23,"column":8},"end":{"line":23,"column":8}},{"start":{"line":23,"column":8},"end":{"line":23,"column":8}}]},"3":{"line":24,"type":"if","locations":[{"start":{"line":24,"column":8},"end":{"line":24,"column":8}},{"start":{"line":24,"column":8},"end":{"line":24,"column":8}}]},"4":{"line":32,"type":"if","locations":[{"start":{"line":32,"column":8},"end":{"line":32,"column":8}},{"start":{"line":32,"column":8},"end":{"line":32,"column":8}}]},"5":{"line":37,"type":"if","locations":[{"start":{"line":37,"column":41},"end":{"line":37,"column":41}},{"start":{"line":37,"column":41},"end":{"line":37,"column":41}}]},"6":{"line":38,"type":"if","locations":[{"start":{"line":38,"column":8},"end":{"line":38,"column":8}},{"start":{"line":38,"column":8},"end":{"line":38,"column":8}}]},"7":{"line":42,"type":"if","locations":[{"start":{"line":42,"column":8},"end":{"line":42,"column":8}},{"start":{"line":42,"column":8},"end":{"line":42,"column":8}}]},"8":{"line":58,"type":"if","locations":[{"start":{"line":58,"column":8},"end":{"line":58,"column":8}},{"start":{"line":58,"column":8},"end":{"line":58,"column":8}}]},"9":{"line":64,"type":"if","locations":[{"start":{"line":64,"column":39},"end":{"line":64,"column":39}},{"start":{"line":64,"column":39},"end":{"line":64,"column":39}}]},"10":{"line":65,"type":"if","locations":[{"start":{"line":65,"column":8},"end":{"line":65,"column":8}},{"start":{"line":65,"column":8},"end":{"line":65,"column":8}}]},"11":{"line":67,"type":"if","locations":[{"start":{"line":67,"column":15},"end":{"line":67,"column":15}},{"start":{"line":67,"column":15},"end":{"line":67,"column":15}}]},"12":{"line":85,"type":"if","locations":[{"start":{"line":85,"column":8},"end":{"line":85,"column":8}},{"start":{"line":85,"column":8},"end":{"line":85,"column":8}}]},"13":{"line":92,"type":"if","locations":[{"start":{"line":92,"column":8},"end":{"line":92,"column":8}},{"start":{"line":92,"column":8},"end":{"line":92,"column":8}}]},"14":{"line":95,"type":"if","locations":[{"start":{"line":95,"column":40},"end":{"line":95,"column":40}},{"start":{"line":95,"column":40},"end":{"line":95,"column":40}}]},"15":{"line":102,"type":"if","locations":[{"start":{"line":102,"column":15},"end":{"line":102,"column":15}},{"start":{"line":102,"column":15},"end":{"line":102,"column":15}}]},"16":{"line":102,"type":"if","locations":[{"start":{"line":102,"column":25},"end":{"line":102,"column":25}},{"start":{"line":102,"column":25},"end":{"line":102,"column":25}}]},"17":{"line":103,"type":"if","locations":[{"start":{"line":103,"column":8},"end":{"line":103,"column":8}},{"start":{"line":103,"column":8},"end":{"line":103,"column":8}}]}}}}