TN:
SF:/Users/cagataybuluc/Desktop/solidity/simple-voting/contracts/SimpleVoting.sol
FN:17,onlyAfterVoting
FN:22,onlyVotingPeriod
FN:31,constructor
FN:37,vote
FN:48,getVoteCount
FN:52,checkHasVoted
FN:56,getMyVote
FN:64,getWinner
FN:74,getYesCount
FN:78,getNoCount
FN:85,getParticipationRate
FN:95,endVoteManually
FN:102,resetVote
FNF:13
FNH:13
FNDA:5,onlyAfterVoting
FNDA:13,onlyVotingPeriod
FNDA:11,constructor
FNDA:13,vote
FNDA:1,getVoteCount
FNDA:1,checkHasVoted
FNDA:4,getMyVote
FNDA:2,getWinner
FNDA:2,getYesCount
FNDA:1,getNoCount
FNDA:1,getParticipationRate
FNDA:6,endVoteManually
FNDA:2,resetVote
DA:18,5
DA:19,5
DA:23,13
DA:24,13
DA:25,13
DA:32,11
DA:33,11
DA:34,11
DA:38,13
DA:40,13
DA:42,13
DA:44,13
DA:45,13
DA:49,1
DA:53,1
DA:58,4
DA:60,2
DA:65,2
DA:66,1
DA:68,0
DA:70,1
DA:75,2
DA:79,1
DA:88,1
DA:89,1
DA:90,1
DA:92,1
DA:96,6
DA:103,2
DA:104,2
DA:106,2
DA:107,2
DA:109,2
DA:110,2
DA:111,2
DA:112,2
DA:114,2
DA:116,2
DA:117,2
LF:39
LH:38
BRDA:18,1,0,5
BRDA:18,1,1,0
BRDA:23,2,0,13
BRDA:23,2,1,0
BRDA:24,3,0,13
BRDA:24,3,1,0
BRDA:32,4,0,11
BRDA:32,4,1,0
BRDA:37,5,0,13
BRDA:37,5,1,0
BRDA:38,6,0,13
BRDA:38,6,1,0
BRDA:42,7,0,9
BRDA:42,7,1,4
BRDA:58,8,0,2
BRDA:58,8,1,2
BRDA:64,9,0,2
BRDA:64,9,1,0
BRDA:65,10,0,1
BRDA:65,10,1,1
BRDA:67,11,0,0
BRDA:67,11,1,1
BRDA:85,12,0,1
BRDA:85,12,1,0
BRDA:92,13,0,1
BRDA:92,13,1,0
BRDA:95,14,0,6
BRDA:95,14,1,0
BRDA:102,15,0,2
BRDA:102,15,1,0
BRDA:102,16,0,2
BRDA:102,16,1,0
BRDA:103,17,0,2
BRDA:103,17,1,0
BRF:34
BRH:20
end_of_record
